http on port 8080
http on port 8080
http on port 8080
http on port 8080
http on port 8080
http on port 8080
http on port 8080
http on port 8080
http on port 8080
http on port 8080
http on port 8080
http on port 8080
http on port 8080
http on port 8080
http on port 8080
http on port 8080
http on port 8080
http on port 8080
http on port 8080
http on port 8080
http on port 8080
http on port 8080
http on port 8080
http on port 8080
http on port 8080
http on port 8080
http on port 8080
http on port 8080
http on port 8080
http on port 8080
http on port 8080
http on port 8080
Sat Apr 15 2017 09:02:56 GMT+0000 (UTC) Connection accepted.
Sat Apr 15 2017 09:02:56 GMT+0000 (UTC) PID=651 STARTED on behalf of user=
Sat Apr 15 2017 09:03:56 GMT+0000 (UTC) PID=651 ENDED
http on port 8080
http on port 8080
http on port 8080
http on port 8080
http on port 8080
http on port 8080
http on port 8080
http on port 8080
Wed Apr 19 2017 08:42:25 GMT+0000 (UTC) Connection accepted.
Wed Apr 19 2017 08:42:25 GMT+0000 (UTC) PID=619 STARTED on behalf of user=
http on port 8080
http on port 8080
http on port 8080
http on port 8080
http on port 8080
http on port 8080
http on port 8080
http on port 8080
http on port 8080
Wed Apr 19 2017 14:06:50 GMT+0000 (UTC) Connection accepted.
Wed Apr 19 2017 14:06:50 GMT+0000 (UTC) PID=677 STARTED on behalf of user=
Wed Apr 19 2017 14:07:50 GMT+0000 (UTC) PID=677 ENDED
http on port 8080
Wed Apr 19 2017 16:08:39 GMT+0000 (UTC) Connection accepted.
Wed Apr 19 2017 16:08:39 GMT+0000 (UTC) PID=653 STARTED on behalf of user=
Wed Apr 19 2017 16:09:39 GMT+0000 (UTC) PID=653 ENDED
http on port 8080
http on port 8080
http on port 8080
http on port 8080
http on port 8080
http on port 8080
http on port 8080
http on port 8080
http on port 8080
http on port 8080
http on port 8080
http on port 8080
Tue May 02 2017 17:26:04 GMT+0000 (UTC) Connection accepted.
Tue May 02 2017 17:26:04 GMT+0000 (UTC) PID=946 STARTED on behalf of user=
Tue May 02 2017 17:27:04 GMT+0000 (UTC) PID=946 ENDED
Tue May 02 2017 17:28:07 GMT+0000 (UTC) Connection accepted.
Tue May 02 2017 17:28:07 GMT+0000 (UTC) PID=2433 STARTED on behalf of user=
Tue May 02 2017 17:29:07 GMT+0000 (UTC) PID=2433 ENDED
http on port 8080
http on port 8080
http on port 8080
Wed May 03 2017 08:50:24 GMT+0000 (UTC) Connection accepted.
Wed May 03 2017 08:50:24 GMT+0000 (UTC) PID=731 STARTED on behalf of user=
http on port 8080
http on port 8080
http on port 8080
Thu May 04 2017 08:07:42 GMT+0000 (UTC) Connection accepted.
Thu May 04 2017 08:07:42 GMT+0000 (UTC) PID=809 STARTED on behalf of user=
http on port 8080
Glances web server started on http://0.0.0.0:61208/
http on port 8080
Glances web server started on http://0.0.0.0:61208/
http on port 8080
Glances web server started on http://0.0.0.0:61208/
http on port 8080
Glances web server started on http://0.0.0.0:61208/
http on port 8080
Glances web server started on http://0.0.0.0:61208/
http on port 8080
Glances web server started on http://0.0.0.0:61208/
http on port 8080
Glances web server started on http://0.0.0.0:61208/
http on port 8080
Glances web server started on http://0.0.0.0:61208/
http on port 8080
Glances web server started on http://0.0.0.0:61208/
http on port 8080
Glances web server started on http://0.0.0.0:61208/
http on port 8080
Glances web server started on http://0.0.0.0:61208/
http on port 8080
Glances web server started on http://0.0.0.0:61208/
http on port 8080
http on port 8080
Thu May 04 2017 12:42:45 GMT+0000 (UTC) Connection accepted.
Thu May 04 2017 12:42:45 GMT+0000 (UTC) PID=900 STARTED on behalf of user=
